<?xml version="1.0" encoding="UTF-8"?>
<testng-results ignored="6" total="7" passed="1" failed="0" skipped="0">
  <reporter-output>
  </reporter-output>
  <suite started-at="2026-09-16T13:47:29 PST" name="Surefire suite" finished-at="2026-09-16T13:47:35 PST" duration-ms="6016">
    <groups>
    </groups>
    <test started-at="2026-09-16T13:47:29 PST" name="Surefire test" finished-at="2026-09-16T13:47:35 PST" duration-ms="6016">
      <class name="DashboardTests">
        <test-method is-config="true" signature="setUp()[pri:0, instance:DashboardTests@548a102f]" started-at="2026-09-16T13:47:29 PST" name="setUp" finished-at="2026-09-16T13:47:30 PST" duration-ms="990" status="PASS">
          <reporter-output>
          </reporter-output>
        </test-method> <!-- setUp -->
        <test-method is-config="true" signature="goToLoginPage()[pri:0, instance:DashboardTests@548a102f]" started-at="2026-09-16T13:47:30 PST" name="goToLoginPage" finished-at="2026-09-16T13:47:30 PST" duration-ms="501" status="PASS">
          <reporter-output>
          </reporter-output>
        </test-method> <!-- goToLoginPage -->
        <test-method signature="testLogoutButton()[pri:0, instance:DashboardTests@548a102f]" started-at="2026-09-16T13:47:30 PST" name="testLogoutButton" finished-at="2026-09-16T13:47:32 PST" duration-ms="1342" status="PASS">
          <reporter-output>
          </reporter-output>
        </test-method> <!-- testLogoutButton -->
        <test-method is-config="true" signature="tearDown()[pri:0, instance:DashboardTests@548a102f]" started-at="2026-09-16T13:47:32 PST" name="tearDown" finished-at="2026-09-16T13:47:35 PST" duration-ms="3160" status="PASS">
          <reporter-output>
          </reporter-output>
        </test-method> <!-- tearDown -->
      </class> <!-- DashboardTests -->
    </test> <!-- Surefire test -->
  </suite> <!-- Surefire suite -->
</testng-results>
