<?xml version="1.0" encoding="UTF-8"?>
<testsuite xmlns:xsi="http://www.w3.org/2001/XMLSchema-instance" xsi:noNamespaceSchemaLocation="https://maven.apache.org/surefire/maven-surefire-plugin/xsd/surefire-test-report.xsd" version="3.0.2" name="AccountsTests" time="13.389" tests="3" errors="0" skipped="0" failures="0">
  <properties>
[...]
</properties>
  <testcase name="testAccountCredentials[ACCOUNT_NAME, ACCOUNT_DETAILS_NAME](1)" classname="AccountsTests" time="1.08">
    <system-out><![CDATA[INFORMATION: Everyday Checking
DETAILS: Everyday Checking
]]></system-out>
    <system-err><![CDATA[SLF4J(W): No SLF4J providers were found.
SLF4J(W): Defaulting to no-operation (NOP) logger implementation
SLF4J(W): See https://www.slf4j.org/codes.html#noProviders for further details.
Sep 23, 2026 8:21:21 PM org.openqa.selenium.devtools.CdpVersionFinder findNearestMatch
WARNING: Unable to find an exact match for CDP version 153, returning the closest version; found: 152; Please update to a Selenium version that supports CDP version 153
]]></system-err>
  </testcase>
  <testcase name="testAccountCredentials[ACCOUNT_TYPE, ACCOUNT_DETAILS_TYPE](2)" classname="AccountsTests" time="1.072">
    <system-out><![CDATA[INFORMATION: Checking
DETAILS: Checking
]]></system-out>
  </testcase>
  <testcase name="testAccountCredentials[ACCOUNT_BALANCE, ACCOUNT_DETAILS_BALANCE](3)" classname="AccountsTests" time="1.068">
    <system-out><![CDATA[INFORMATION: $4,250.00
DETAILS: $4,250.00
]]></system-out>
  </testcase>
</testsuite>