<?xml version="1.0" encoding="UTF-8"?>
<!-- Generated by org.testng.reporters.JUnitXMLReporter -->
<testsuite ignored="0" hostname="Newe" failures="0" tests="8" name="Surefire test" time="18.9" errors="0" timestamp="2026-09-21T18:49:16 PST">
  <testcase classname="DashboardTests" name="testDashboardHeaderIsDisplayed" time="1.042"/>
  <testcase classname="DashboardTests" name="testLogoutButton" time="1.082"/>
  <testcase classname="DashboardTests" name="testNotificationButton" time="1.613"/>
  <testcase classname="DashboardTests" name="testQuickAction" time="1.084"/>
  <testcase classname="DashboardTests" name="testQuickAction" time="1.087"/>
  <testcase classname="DashboardTests" name="testQuickAction" time="1.091"/>
  <testcase classname="DashboardTests" name="testQuickAction" time="1.069"/>
  <testcase classname="DashboardTests" name="testQuickAction" time="1.071"/>
</testsuite> <!-- Surefire test -->
