<?xml version="1.0" encoding="UTF-8"?>
<!-- Generated by org.testng.reporters.JUnitReportReporter -->
<testsuite hostname="Newe" failures="0" tests="4" name="LoginTests" time="3.616" errors="0" timestamp="2026-09-16T13:26:09 PST" skipped="0">
  <testcase classname="LoginTests" name="testLogin" time="0.802"/>
  <testcase classname="LoginTests" name="testEmptyFields" time="0.265"/>
  <testcase classname="LoginTests" name="testInavildUsername" time="1.560"/>
  <testcase classname="LoginTests" name="testInavalidPassword" time="0.989"/>
</testsuite> <!-- LoginTests -->
