<?xml version="1.0" encoding="UTF-8"?>
<!-- Generated by org.testng.reporters.JUnitReportReporter -->
<testsuite hostname="Newe" failures="0" tests="8" name="DashboardTests" time="14.766" errors="0" timestamp="2026-09-21T18:49:16 PST" skipped="0">
  <testcase classname="DashboardTests" name="testNotificationButton" time="2.366"/>
  <testcase classname="DashboardTests" name="testQuickAction" time="1.827"/>
  <testcase classname="DashboardTests" name="testQuickAction" time="1.791"/>
  <testcase classname="DashboardTests" name="testQuickAction" time="1.770"/>
  <testcase classname="DashboardTests" name="testQuickAction" time="1.762"/>
  <testcase classname="DashboardTests" name="testLogoutButton" time="1.734"/>
  <testcase classname="DashboardTests" name="testDashboardHeaderIsDisplayed" time="1.733"/>
  <testcase classname="DashboardTests" name="testQuickAction" time="1.783"/>
</testsuite> <!-- DashboardTests -->
