<?xml version="1.0" encoding="UTF-8"?>
<!-- Generated by org.testng.reporters.JUnitReportReporter -->
<testsuite hostname="Newe" failures="0" tests="3" name="AccountsTests" time="9.039" errors="0" timestamp="2026-09-23T20:21:33 PST" skipped="0">
  <testcase classname="AccountsTests" name="testAccountCredentials" time="2.741"/>
  <testcase classname="AccountsTests" name="testAccountCredentials" time="2.839"/>
  <testcase classname="AccountsTests" name="testAccountCredentials" time="3.459"/>
</testsuite> <!-- AccountsTests -->
