<?xml version="1.0" encoding="UTF-8"?>
<!-- Generated by org.testng.reporters.JUnitReportReporter -->
<testsuite hostname="Newe" failures="0" tests="5" name="LoginTests" time="5.435" errors="0" timestamp="2026-09-15T14:10:03 PST" skipped="0">
  <testcase classname="LoginTests" name="testInavildUsername" time="1.649"/>
  <testcase classname="LoginTests" name="testInavalidPassword" time="1.111"/>
  <testcase classname="LoginTests" name="testLogin" time="0.650"/>
  <testcase classname="LoginTests" name="testLogout" time="1.535"/>
  <testcase classname="LoginTests" name="testEmptyFields" time="0.490"/>
</testsuite> <!-- LoginTests -->
